<?xml version="1.0" encoding="utf-8"?><testsuites name="pytest tests"><testsuite name="pytest" errors="0" failures="0" skipped="0" tests="13" time="92.003" timestamp="2026-02-23T18:01:22.665888+00:00" hostname="agent-env-67fd37b0-cac5-4b1e-b702-d3c34a5dad3a"><testcase classname="backend.tests.test_pipeline_api.TestAPIHealth" name="test_api_health_returns_operational" time="0.150" /><testcase classname="backend.tests.test_pipeline_api.TestAnalyzeEndpoint" name="test_analyze_requires_auth" time="0.136" /><testcase classname="backend.tests.test_pipeline_api.TestAnalyzeEndpoint" name="test_analyze_validates_request_structure" time="0.223" /><testcase classname="backend.tests.test_pipeline_api.TestAnalyzeEndpoint" name="test_analyze_accepts_standard_request_format" time="90.308" /><testcase classname="backend.tests.test_pipeline_api.TestSessionAnalysisEndpoint" name="test_analysis_endpoint_returns_dict" time="0.386" /><testcase classname="backend.tests.test_pipeline_api.TestSessionAnalysisEndpoint" name="test_analysis_requires_auth" time="0.132" /><testcase classname="backend.tests.test_pipeline_api.TestAnalysisPipelineModule" name="test_pipeline_module_functions_exist" time="0.285" /><testcase classname="backend.tests.test_pipeline_api.TestExpandedFindingsStructure" name="test_mock_expanded_findings_structure" time="0.000" /><testcase classname="backend.tests.test_pipeline_api.TestPipelineMetadataStructure" name="test_pipeline_metadata_fields" time="0.000" /><testcase classname="backend.tests.test_pipeline_api.TestCORSMethods" name="test_cors_allows_get" time="0.073" /><testcase classname="backend.tests.test_pipeline_api.TestCORSMethods" name="test_cors_allows_post" time="0.073" /><testcase classname="backend.tests.test_pipeline_api.TestCORSMethods" name="test_cors_allows_patch" time="0.093" /><testcase classname="backend.tests.test_pipeline_api.TestCORSMethods" name="test_cors_allows_delete" time="0.087" /></testsuite></testsuites>