<?xml version="1.0" encoding="utf-8"?><testsuites name="pytest tests"><testsuite name="pytest" errors="0" failures="0" skipped="0" tests="25" time="3.142" timestamp="2026-02-24T02:50:19.733005+00:00" hostname="agent-env-67fd37b0-cac5-4b1e-b702-d3c34a5dad3a"><testcase classname="tests.test_report_templates_api.TestAPIHealth" name="test_api_health" time="0.134" /><testcase classname="tests.test_report_templates_api.TestNoRouteConflict" name="test_prompt_templates_endpoint_exists" time="0.160" /><testcase classname="tests.test_report_templates_api.TestNoRouteConflict" name="test_report_templates_endpoint_exists" time="0.130" /><testcase classname="tests.test_report_templates_api.TestNoRouteConflict" name="test_report_templates_requires_auth" time="0.312" /><testcase classname="tests.test_report_templates_api.TestReportTemplatesUpload" name="test_upload_requires_auth" time="0.213" /><testcase classname="tests.test_report_templates_api.TestReportTemplatesUpload" name="test_upload_valid_docx" time="0.134" /><testcase classname="tests.test_report_templates_api.TestReportTemplatesUpload" name="test_upload_rejects_invalid_extension" time="0.137" /><testcase classname="tests.test_report_templates_api.TestReportTemplatesList" name="test_list_templates" time="0.120" /><testcase classname="tests.test_report_templates_api.TestReportTemplatesActivate" name="test_activate_template" time="0.253" /><testcase classname="tests.test_report_templates_api.TestReportTemplatesActivate" name="test_activate_nonexistent_template_returns_404" time="0.128" /><testcase classname="tests.test_report_templates_api.TestReportTemplatesDownload" name="test_download_template" time="0.129" /><testcase classname="tests.test_report_templates_api.TestReportTemplatesDownload" name="test_download_nonexistent_returns_404" time="0.117" /><testcase classname="tests.test_report_templates_api.TestReportGeneration" name="test_generate_report_with_active_template" time="0.143" /><testcase classname="tests.test_report_templates_api.TestReportGeneration" name="test_generate_report_requires_auth" time="0.150" /><testcase classname="tests.test_report_templates_api.TestReportGeneration" name="test_generate_report_missing_session_id" time="0.142" /><testcase classname="tests.test_report_templates_api.TestReportTemplatesDelete" name="test_delete_template" time="0.254" /><testcase classname="tests.test_report_templates_api.TestReportTemplatesDelete" name="test_delete_nonexistent_returns_404" time="0.107" /><testcase classname="tests.test_report_templates_api.TestBaseTemplateFile" name="test_base_template_exists" time="0.000" /><testcase classname="tests.test_report_templates_api.TestBaseTemplateFile" name="test_base_template_is_valid_docx" time="0.019" /><testcase classname="tests.test_report_templates_api.TestTemplateManagerFunctions" name="test_validate_template_file_function_exists" time="0.001" /><testcase classname="tests.test_report_templates_api.TestTemplateManagerFunctions" name="test_compute_checksum_function_exists" time="0.000" /><testcase classname="tests.test_report_templates_api.TestTemplateManagerFunctions" name="test_render_base_report_function_exists" time="0.000" /><testcase classname="tests.test_report_templates_api.TestTemplateManagerFunctions" name="test_prepare_template_context_function_exists" time="0.000" /><testcase classname="tests.test_report_templates_api.TestTemplateManagerFunctions" name="test_prepare_template_context_returns_expected_keys" time="0.001" /><testcase classname="tests.test_report_templates_api.TestReportGenerationWithBaseTemplate" name="test_generate_with_base_template" time="0.299" /></testsuite></testsuites>