<?xml version="1.0" encoding="utf-8"?><testsuites name="pytest tests"><testsuite name="pytest" errors="0" failures="0" skipped="0" tests="14" time="4.337" timestamp="2026-02-23T22:34:57.838832+00:00" hostname="agent-env-67fd37b0-cac5-4b1e-b702-d3c34a5dad3a"><testcase classname="tests.test_report_api.TestAPIHealth" name="test_api_health_returns_operational" time="1.747" /><testcase classname="tests.test_report_api.TestReportGenerateEndpoint" name="test_report_generate_requires_auth" time="0.409" /><testcase classname="tests.test_report_api.TestReportGenerateEndpoint" name="test_report_generate_invalid_session" time="0.214" /><testcase classname="tests.test_report_api.TestReportGenerateEndpoint" name="test_report_generate_missing_session_id" time="0.143" /><testcase classname="tests.test_report_api.TestReportGenerateEndpoint" name="test_report_generate_returns_docx" time="0.297" /><testcase classname="tests.test_report_api.TestReportGenerateEndpoint" name="test_report_generate_with_logo_base64" time="0.330" /><testcase classname="tests.test_report_api.TestAnalyzeStatusEndpoint" name="test_status_endpoint_requires_auth" time="0.209" /><testcase classname="tests.test_report_api.TestAnalyzeStatusEndpoint" name="test_status_endpoint_invalid_task_returns_404" time="0.134" /><testcase classname="tests.test_report_api.TestSessionAnalysisEndpoint" name="test_analysis_returns_expanded_findings" time="0.215" /><testcase classname="tests.test_report_api.TestSessionAnalysisEndpoint" name="test_analysis_returns_compliance_scores" time="0.167" /><testcase classname="tests.test_report_api.TestReportGeneratorModule" name="test_generate_report_docx_function_exists" time="0.041" /><testcase classname="tests.test_report_api.TestReportGeneratorModule" name="test_generate_report_docx_with_test_data" time="0.054" /><testcase classname="tests.test_report_api.TestCORSForReportEndpoint" name="test_cors_preflight_reports_generate" time="0.115" /><testcase classname="tests.test_report_api.TestSessionsEndpoint" name="test_sessions_returns_list" time="0.187" /></testsuite></testsuites>