<?xml version="1.0" encoding="utf-8"?><testsuites name="pytest tests"><testsuite name="pytest" errors="0" failures="0" skipped="0" tests="11" time="4.066" timestamp="2026-02-23T17:31:18.942661+00:00" hostname="agent-env-67fd37b0-cac5-4b1e-b702-d3c34a5dad3a"><testcase classname="backend.tests.test_sessions_api.TestHealthCheck" name="test_api_health" time="0.547" /><testcase classname="backend.tests.test_sessions_api.TestCORS" name="test_cors_allows_delete_method" time="0.110" /><testcase classname="backend.tests.test_sessions_api.TestCORS" name="test_cors_allows_patch_method" time="0.127" /><testcase classname="backend.tests.test_sessions_api.TestSessionCreation" name="test_create_single_session" time="0.456" /><testcase classname="backend.tests.test_sessions_api.TestSessionCreation" name="test_get_sessions_list" time="0.191" /><testcase classname="backend.tests.test_sessions_api.TestSessionRename" name="test_rename_session_with_json_body" time="0.603" /><testcase classname="backend.tests.test_sessions_api.TestSessionDelete" name="test_delete_session" time="0.402" /><testcase classname="backend.tests.test_sessions_api.TestSessionMessages" name="test_get_session_messages" time="0.625" /><testcase classname="backend.tests.test_sessions_api.TestSessionAnalysis" name="test_get_session_analysis" time="0.486" /><testcase classname="backend.tests.test_sessions_api.TestAuthRequired" name="test_sessions_requires_auth" time="0.183" /><testcase classname="backend.tests.test_sessions_api.TestAuthRequired" name="test_create_session_requires_auth" time="0.210" /></testsuite></testsuites>