<?xml version="1.0" encoding="utf-8"?><testsuites name="pytest tests"><testsuite name="pytest" errors="0" failures="4" skipped="0" tests="14" time="2.222" timestamp="2026-02-23T22:34:08.594797+00:00" hostname="agent-env-67fd37b0-cac5-4b1e-b702-d3c34a5dad3a"><testcase classname="tests.test_report_api.TestAPIHealth" name="test_api_health_returns_operational" time="0.320" /><testcase classname="tests.test_report_api.TestReportGenerateEndpoint" name="test_report_generate_requires_auth" time="0.169" /><testcase classname="tests.test_report_api.TestReportGenerateEndpoint" name="test_report_generate_invalid_session" time="0.175" /><testcase classname="tests.test_report_api.TestReportGenerateEndpoint" name="test_report_generate_missing_session_id" time="0.176" /><testcase classname="tests.test_report_api.TestReportGenerateEndpoint" name="test_report_generate_returns_docx" time="0.112"><failure message="AssertionError: Expected 200, got 400. Response: {&quot;detail&quot;:&quot;Invalid session ID&quot;}&#10;assert 400 == 200&#10; +  where 400 = &lt;Response [400]&gt;.status_code">tests/test_report_api.py:102: in test_report_generate_returns_docx
    assert response.status_code == 200, f"Expected 200, got {response.status_code}. Response: {response.text[:500] if response.status_code != 200 else ''}"
E   AssertionError: Expected 200, got 400. Response: {"detail":"Invalid session ID"}
E   assert 400 == 200
E    +  where 400 = &lt;Response [400]&gt;.status_code</failure></testcase><testcase classname="tests.test_report_api.TestReportGenerateEndpoint" name="test_report_generate_with_logo_base64" time="0.147"><failure message="AssertionError: Expected 200, got 400&#10;assert 400 == 200&#10; +  where 400 = &lt;Response [400]&gt;.status_code">tests/test_report_api.py:137: in test_report_generate_with_logo_base64
    assert response.status_code == 200, f"Expected 200, got {response.status_code}"
E   AssertionError: Expected 200, got 400
E   assert 400 == 200
E    +  where 400 = &lt;Response [400]&gt;.status_code</failure></testcase><testcase classname="tests.test_report_api.TestAnalyzeStatusEndpoint" name="test_status_endpoint_requires_auth" time="0.140" /><testcase classname="tests.test_report_api.TestAnalyzeStatusEndpoint" name="test_status_endpoint_invalid_task_returns_404" time="0.192" /><testcase classname="tests.test_report_api.TestSessionAnalysisEndpoint" name="test_analysis_returns_expanded_findings" time="0.146"><failure message="AssertionError: Expected 200, got 400&#10;assert 400 == 200&#10; +  where 400 = &lt;Response [400]&gt;.status_code">tests/test_report_api.py:168: in test_analysis_returns_expanded_findings
    assert response.status_code == 200, f"Expected 200, got {response.status_code}"
E   AssertionError: Expected 200, got 400
E   assert 400 == 200
E    +  where 400 = &lt;Response [400]&gt;.status_code</failure></testcase><testcase classname="tests.test_report_api.TestSessionAnalysisEndpoint" name="test_analysis_returns_compliance_scores" time="0.141"><failure message="assert 400 == 200&#10; +  where 400 = &lt;Response [400]&gt;.status_code">tests/test_report_api.py:187: in test_analysis_returns_compliance_scores
    assert response.status_code == 200
E   assert 400 == 200
E    +  where 400 = &lt;Response [400]&gt;.status_code</failure></testcase><testcase classname="tests.test_report_api.TestReportGeneratorModule" name="test_generate_report_docx_function_exists" time="0.035" /><testcase classname="tests.test_report_api.TestReportGeneratorModule" name="test_generate_report_docx_with_test_data" time="0.069" /><testcase classname="tests.test_report_api.TestCORSForReportEndpoint" name="test_cors_preflight_reports_generate" time="0.085" /><testcase classname="tests.test_report_api.TestSessionsEndpoint" name="test_sessions_returns_list" time="0.155" /></testsuite></testsuites>